<?xml version="1.0" encoding="UTF-8"?>
<testsuite xmlns:xsi="http://www.w3.org/2001/XMLSchema-instance" xsi:noNamespaceSchemaLocation="https://maven.apache.org/surefire/maven-surefire-plugin/xsd/surefire-test-report.xsd" name="TestSuite" time="2,197.44" tests="20" errors="0" skipped="0" failures="0">
  <properties>
    <property name="java.runtime.name" value="Java(TM) SE Runtime Environment"/>
    <property name="sun.boot.library.path" value="C:\Program Files\Java\jdk1.8.0_201\jre\bin"/>
    <property name="java.vm.version" value="25.201-b09"/>
    <property name="java.vm.vendor" value="Oracle Corporation"/>
    <property name="maven.multiModuleProjectDirectory" value="D:\Healertest"/>
    <property name="java.vendor.url" value="http://java.oracle.com/"/>
    <property name="path.separator" value=";"/>
    <property name="guice.disable.misplaced.annotation.check" value="true"/>
    <property name="java.vm.name" value="Java HotSpot(TM) 64-Bit Server VM"/>
    <property name="file.encoding.pkg" value="sun.io"/>
    <property name="user.script" value=""/>
    <property name="user.country" value="IN"/>
    <property name="sun.java.launcher" value="SUN_STANDARD"/>
    <property name="sun.os.patch.level" value=""/>
    <property name="java.vm.specification.name" value="Java Virtual Machine Specification"/>
    <property name="user.dir" value="D:\Healertest"/>
    <property name="java.runtime.version" value="1.8.0_201-b09"/>
    <property name="java.awt.graphicsenv" value="sun.awt.Win32GraphicsEnvironment"/>
    <property name="java.endorsed.dirs" value="C:\Program Files\Java\jdk1.8.0_201\jre\lib\endorsed"/>
    <property name="os.arch" value="amd64"/>
    <property name="java.io.tmpdir" value="C:\Users\RBT\AppData\Local\Temp\"/>
    <property name="line.separator" value="&#10;"/>
    <property name="java.vm.specification.vendor" value="Oracle Corporation"/>
    <property name="user.variant" value=""/>
    <property name="os.name" value="Windows 10"/>
    <property name="classworlds.conf" value="C:\apache-maven-3.6.3\bin\..\bin\m2.conf"/>
    <property name="sun.jnu.encoding" value="Cp1252"/>
    <property name="java.library.path" value="C:\Program Files\Java\jdk1.8.0_201\bin;C:\Windows\Sun\Java\bin;C:\Windows\system32;C:\Windows;C:\Program Files (x86)\Common Files\Oracle\Java\javapath;C:\Windows\system32;C:\Windows;C:\Windows\System32\Wbem;C:\Windows\System32\WindowsPowerShell\v1.0\;C:\Windows\System32\OpenSSH\;C:\Program Files\Java\jdk1.8.0_201\bin;C:\apache-maven-3.6.3\bin;C:\Users\RBT\AppData\Local\Programs\Python\Python39;C:\Users\RBT\AppData\Local\Programs\Python\Python39\Scripts;C:\Program Files\Git\cmd;C:\Users\RBT\AppData\Local\Android\Sdk\platform-tools\;C:\Users\RBT\AppData\Local\Android\Sdk\tools;C:\Program Files\nodejs\;C:\Go\bin;C:\Users\RBT\scoop\shims;C:\Users\RBT\AppData\Roaming\npm;C:\Users\RBT\AppData\Local\Programs\Microsoft VS Code\bin;C:\Users\RBT\go\bin;."/>
    <property name="maven.conf" value="C:\apache-maven-3.6.3\bin\../conf"/>
    <property name="java.specification.name" value="Java Platform API Specification"/>
    <property name="java.class.version" value="52.0"/>
    <property name="sun.management.compiler" value="HotSpot 64-Bit Tiered Compilers"/>
    <property name="os.version" value="10.0"/>
    <property name="library.jansi.path" value="C:\apache-maven-3.6.3\bin\..\lib\jansi-native"/>
    <property name="user.home" value="C:\Users\RBT"/>
    <property name="user.timezone" value="Asia/Calcutta"/>
    <property name="java.awt.printerjob" value="sun.awt.windows.WPrinterJob"/>
    <property name="java.specification.version" value="1.8"/>
    <property name="file.encoding" value="Cp1252"/>
    <property name="user.name" value="RBT"/>
    <property name="java.class.path" value="C:\apache-maven-3.6.3\bin\..\boot\plexus-classworlds-2.6.0.jar"/>
    <property name="java.vm.specification.version" value="1.8"/>
    <property name="sun.arch.data.model" value="64"/>
    <property name="java.home" value="C:\Program Files\Java\jdk1.8.0_201\jre"/>
    <property name="sun.java.command" value="org.codehaus.plexus.classworlds.launcher.Launcher test"/>
    <property name="java.specification.vendor" value="Oracle Corporation"/>
    <property name="user.language" value="en"/>
    <property name="awt.toolkit" value="sun.awt.windows.WToolkit"/>
    <property name="java.vm.info" value="mixed mode"/>
    <property name="java.version" value="1.8.0_201"/>
    <property name="java.ext.dirs" value="C:\Program Files\Java\jdk1.8.0_201\jre\lib\ext;C:\Windows\Sun\Java\lib\ext"/>
    <property name="sun.boot.class.path" value="C:\Program Files\Java\jdk1.8.0_201\jre\lib\resources.jar;C:\Program Files\Java\jdk1.8.0_201\jre\lib\rt.jar;C:\Program Files\Java\jdk1.8.0_201\jre\lib\sunrsasign.jar;C:\Program Files\Java\jdk1.8.0_201\jre\lib\jsse.jar;C:\Program Files\Java\jdk1.8.0_201\jre\lib\jce.jar;C:\Program Files\Java\jdk1.8.0_201\jre\lib\charsets.jar;C:\Program Files\Java\jdk1.8.0_201\jre\lib\jfr.jar;C:\Program Files\Java\jdk1.8.0_201\jre\classes"/>
    <property name="sun.stderr.encoding" value="cp437"/>
    <property name="java.vendor" value="Oracle Corporation"/>
    <property name="maven.home" value="C:\apache-maven-3.6.3\bin\.."/>
    <property name="file.separator" value="\"/>
    <property name="java.vendor.url.bug" value="http://bugreport.sun.com/bugreport/"/>
    <property name="sun.cpu.endian" value="little"/>
    <property name="sun.io.unicode.encoding" value="UnicodeLittle"/>
    <property name="sun.stdout.encoding" value="cp437"/>
    <property name="sun.desktop" value="windows"/>
    <property name="sun.cpu.isalist" value="amd64"/>
  </properties>
  <testcase name="TC001_HealerLogin" classname="commonMethods.Testcases" time="16.214"/>
  <testcase name="TC002_FirstLocation" classname="commonMethods.Testcases" time="50.89"/>
  <testcase name="TC003_YogaService" classname="commonMethods.Testcases" time="114.613"/>
  <testcase name="TC004_PersonalYoga" classname="commonMethods.Testcases" time="124.101"/>
  <testcase name="TC005_YogaTherapy" classname="commonMethods.Testcases" time="121.748"/>
  <testcase name="TC006_RetreatService" classname="commonMethods.Testcases" time="139.288"/>
  <testcase name="TC007_SecondLocation" classname="commonMethods.Testcases" time="70.982"/>
  <testcase name="TC008_Abhayanga" classname="commonMethods.Testcases" time="120.769"/>
  <testcase name="TC009_Urdvartana" classname="commonMethods.Testcases" time="130.113"/>
  <testcase name="TC010_JanuVasti" classname="commonMethods.Testcases" time="120.708"/>
  <testcase name="TC011_RetreatService" classname="commonMethods.Testcases" time="137.885"/>
  <testcase name="TC012_HealerLogout" classname="commonMethods.Testcases" time="10.472"/>
  <testcase name="TC013_AdminPage" classname="commonMethods.Testcases" time="82.275"/>
  <testcase name="TC014_HealerVerification" classname="commonMethods.Testcases" time="40.058"/>
  <testcase name="TC015_FirstCustomer" classname="commonMethods.Testcases" time="323.685"/>
  <testcase name="TC016_SecondCustomer" classname="commonMethods.Testcases" time="251.654"/>
  <testcase name="TC017_FirstCustomerCancellation" classname="commonMethods.Testcases" time="99.858"/>
  <testcase name="TC018_SecondCustomerCancellation" classname="commonMethods.Testcases" time="101.205"/>
  <testcase name="TC019_FirstRefund" classname="commonMethods.Testcases" time="58.227"/>
  <testcase name="TC020_SecondRefund" classname="commonMethods.Testcases" time="55.972"/>
</testsuite>