<?xml version="1.0" encoding="UTF-8"?>
<!-- Generated by org.testng.reporters.JUnitReportReporter -->
<testsuite hostname="DESKTOP-E639F34" name="commonMethods.Testcases" tests="4" failures="0" timestamp="3 Dec 2020 13:55:52 GMT" time="1918.508" errors="0">
  <testcase name="TC003_HealerVerification" time="27.173" classname="commonMethods.Testcases"/>
  <testcase name="TC002_AdminPage" time="29.829" classname="commonMethods.Testcases"/>
  <testcase name="TC001_HealerProcess" time="1010.334" classname="commonMethods.Testcases"/>
  <testcase name="TC004_CustomerProcess" time="851.172" classname="commonMethods.Testcases"/>
</testsuite> <!-- commonMethods.Testcases -->
