<?xml version="1.0" encoding="UTF-8"?>
<!-- Generated by org.testng.reporters.JUnitReportReporter -->
<testsuite hostname="DESKTOP-E639F34" name="commonMethods.Testcases" tests="1" failures="0" timestamp="27 Nov 2020 10:21:21 GMT" time="144.703" errors="0">
  <testcase name="TC001_HealerProcess" time="144.703" classname="commonMethods.Testcases"/>
</testsuite> <!-- commonMethods.Testcases -->
