<?xml version="1.0" encoding="UTF-8"?>
<!-- Generated by org.testng.reporters.JUnitReportReporter -->
<testsuite hostname="DESKTOP-E639F34" name="commonMethods.Testcases" tests="9" failures="0" timestamp="15 Dec 2020 06:44:25 GMT" time="2410.302" errors="0">
  <testcase name="TC004_FirstCustomer" time="391.304" classname="commonMethods.Testcases"/>
  <testcase name="TC009_SecondRefund" time="62.441" classname="commonMethods.Testcases"/>
  <testcase name="TC008_FirstRefund" time="73.021" classname="commonMethods.Testcases"/>
  <testcase name="TC002_AdminPage" time="66.030" classname="commonMethods.Testcases"/>
  <testcase name="TC007_SecondCustomerCancellation" time="126.689" classname="commonMethods.Testcases"/>
  <testcase name="TC001_HealerProcess" time="1199.711" classname="commonMethods.Testcases"/>
  <testcase name="TC006_FirstCustomerCancellation" time="114.380" classname="commonMethods.Testcases"/>
  <testcase name="TC005_SecondCustomer" time="342.454" classname="commonMethods.Testcases"/>
  <testcase name="TC003_HealerVerification" time="34.272" classname="commonMethods.Testcases"/>
</testsuite> <!-- commonMethods.Testcases -->
