<?xml version="1.0" encoding="UTF-8"?>
<!-- Generated by org.testng.reporters.JUnitReportReporter -->
<testsuite hostname="DESKTOP-E639F34" name="commonMethods.Testcases" tests="1" failures="0" timestamp="25 Nov 2020 19:38:47 GMT" time="96.719" errors="0">
  <testcase name="HealerProcess" time="96.719" classname="commonMethods.Testcases"/>
</testsuite> <!-- commonMethods.Testcases -->
