<?xml version="1.0" encoding="UTF-8"?>
<!-- Generated by org.testng.reporters.JUnitReportReporter -->
<testsuite hostname="DESKTOP-E639F34" name="commonMethods.Testcases" tests="3" failures="0" timestamp="30 Nov 2020 11:36:54 GMT" time="1001.627" errors="0">
  <testcase name="TC002_AdminPage" time="28.815" classname="commonMethods.Testcases"/>
  <testcase name="TC001_HealerProcess" time="951.639" classname="commonMethods.Testcases"/>
  <testcase name="TC003_HealerVerification" time="21.173" classname="commonMethods.Testcases"/>
</testsuite> <!-- commonMethods.Testcases -->
