<?xml version="1.0" encoding="UTF-8"?>
<!-- Generated by org.testng.reporters.JUnitReportReporter -->
<testsuite hostname="DESKTOP-E639F34" name="commonMethods.Testcases" tests="20" failures="0" timestamp="16 Dec 2020 11:13:08 GMT" time="2170.729" errors="0">
  <testcase name="TC011_RetreatService" time="137.886" classname="commonMethods.Testcases"/>
  <testcase name="TC009_Urdvartana" time="130.113" classname="commonMethods.Testcases"/>
  <testcase name="TC004_PersonalYoga" time="124.102" classname="commonMethods.Testcases"/>
  <testcase name="TC008_Abhayanga" time="120.770" classname="commonMethods.Testcases"/>
  <testcase name="TC017_FirstCustomerCancellation" time="99.858" classname="commonMethods.Testcases"/>
  <testcase name="TC018_SecondCustomerCancellation" time="101.205" classname="commonMethods.Testcases"/>
  <testcase name="TC001_HealerLogin" time="16.212" classname="commonMethods.Testcases"/>
  <testcase name="TC002_FirstLocation" time="50.894" classname="commonMethods.Testcases"/>
  <testcase name="TC005_YogaTherapy" time="121.749" classname="commonMethods.Testcases"/>
  <testcase name="TC016_SecondCustomer" time="251.653" classname="commonMethods.Testcases"/>
  <testcase name="TC010_JanuVasti" time="120.709" classname="commonMethods.Testcases"/>
  <testcase name="TC007_SecondLocation" time="70.982" classname="commonMethods.Testcases"/>
  <testcase name="TC014_HealerVerification" time="40.058" classname="commonMethods.Testcases"/>
  <testcase name="TC006_RetreatService" time="139.289" classname="commonMethods.Testcases"/>
  <testcase name="TC003_YogaService" time="114.616" classname="commonMethods.Testcases"/>
  <testcase name="TC013_AdminPage" time="82.275" classname="commonMethods.Testcases"/>
  <testcase name="TC015_FirstCustomer" time="323.684" classname="commonMethods.Testcases"/>
  <testcase name="TC019_FirstRefund" time="58.228" classname="commonMethods.Testcases"/>
  <testcase name="TC012_HealerLogout" time="10.473" classname="commonMethods.Testcases"/>
  <testcase name="TC020_SecondRefund" time="55.973" classname="commonMethods.Testcases"/>
</testsuite> <!-- commonMethods.Testcases -->
